{
  "stats": {
    "suites": 3,
    "tests": 6,
    "passes": 5,
    "pending": 0,
    "failures": 1,
    "start": "2021-11-30T13:52:42.556Z",
    "end": "2021-11-30T13:52:55.298Z",
    "duration": 12742,
    "testsRegistered": 6,
    "passPercent": 83.33333333333334,
    "pendingPercent": 0,
    "other": 0,
    "hasOther": false,
    "skipped": 0,
    "hasSkipped": false
  },
  "results": [
    {
      "uuid": "8919f28c-3088-4ab3-9ebe-eb38218a81e9",
      "title": "",
      "fullFile": "cypress/integration/examples/Precode.spec.js",
      "file": "cypress/integration/examples/Precode.spec.js",
      "beforeHooks": [],
      "afterHooks": [],
      "tests": [],
      "suites": [
        {
          "uuid": "7de0dbee-43a4-4969-8945-5e53c005a34f",
          "title": "Login form should exist",
          "fullFile": "",
          "file": "",
          "beforeHooks": [],
          "afterHooks": [],
          "tests": [
            {
              "title": "Login form has 'Username', 'Password' fields and 'Submit' button",
              "fullTitle": "Login form should exist Login form has 'Username', 'Password' fields and 'Submit' button",
              "timedOut": null,
              "duration": 1655,
              "state": "passed",
              "speed": "slow",
              "pass": true,
              "fail": false,
              "pending": false,
              "context": null,
              "code": "cy.visit('/qa-portal');\ncy.get('.wrapper').should('be.visible');\ncy.get('#logomini').should('have.attr', 'src', 'https://pecode-software.web.app/static/media/icon-logo.f8576d05.svg');\ncy.get('center>h1').contains('QA Portal Login');\ncy.get('form')\n    .should('be.visible')\n    .within(function () {\n    cy.get('.form-group>.form-control')\n        .eq(0)\n        .should('have.attr', 'type', 'text');\n    cy.get('.form-group>.form-control')\n        .eq(1)\n        .should('have.attr', 'type', 'password');\n    cy.get('.form-group>input')\n        .eq(2)\n        .should('have.attr', 'type', 'submit');\n});",
              "err": {},
              "uuid": "15394744-4456-42e8-b35c-0246d6def640",
              "parentUUID": "7de0dbee-43a4-4969-8945-5e53c005a34f",
              "isHook": false,
              "skipped": false
            }
          ],
          "suites": [
            {
              "uuid": "d8d3597f-e64f-446d-8f6c-8d4f371b7dad",
              "title": "Unsuccessful login",
              "fullFile": "",
              "file": "",
              "beforeHooks": [],
              "afterHooks": [],
              "tests": [
                {
                  "title": "Unregistered user shouldn't be able to login",
                  "fullTitle": "Login form should exist Unsuccessful login Unregistered user shouldn't be able to login",
                  "timedOut": null,
                  "duration": 1034,
                  "state": "passed",
                  "speed": "slow",
                  "pass": true,
                  "fail": false,
                  "pending": false,
                  "context": null,
                  "code": "cy.get('[placeholder=\"Username\"]')\n    .type(user.username);\ncy.get('[placeholder=\"Password\"]')\n    .type(user.password);\ncy.get('[type=\"submit\"]')\n    .click();\ncy.contains('.has-error > .help-block', 'No account found with that username.')\n    .should('be.visible');",
                  "err": {},
                  "uuid": "75306fd7-1214-42e7-a02f-fc7b34ede316",
                  "parentUUID": "d8d3597f-e64f-446d-8f6c-8d4f371b7dad",
                  "isHook": false,
                  "skipped": false
                },
                {
                  "title": "User not be able to login with 'Username' blank field",
                  "fullTitle": "Login form should exist Unsuccessful login User not be able to login with 'Username' blank field",
                  "timedOut": null,
                  "duration": 738,
                  "state": "passed",
                  "speed": "slow",
                  "pass": true,
                  "fail": false,
                  "pending": false,
                  "context": null,
                  "code": "cy.get('[placeholder=\"Username\"]')\n    .clear();\ncy.get('[placeholder=\"Password\"]')\n    .type(user.password);\ncy.get('[type=\"submit\"]')\n    .click();\ncy.contains('.has-error > .help-block', 'Please enter username.')\n    .should('be.visible');",
                  "err": {},
                  "uuid": "5e636c9a-2d3a-4141-b4e1-18d6f3a2ba73",
                  "parentUUID": "d8d3597f-e64f-446d-8f6c-8d4f371b7dad",
                  "isHook": false,
                  "skipped": false
                },
                {
                  "title": "User not be able to login with 'Username' blank field",
                  "fullTitle": "Login form should exist Unsuccessful login User not be able to login with 'Username' blank field",
                  "timedOut": null,
                  "duration": 783,
                  "state": "passed",
                  "speed": "slow",
                  "pass": true,
                  "fail": false,
                  "pending": false,
                  "context": null,
                  "code": "cy.get('[placeholder=\"Username\"]')\n    .type(user.username);\ncy.get('[placeholder=\"Password\"]')\n    .clear();\ncy.get('[type=\"submit\"]')\n    .click();\ncy.contains('.has-error > .help-block', 'Please enter your password.')\n    .should('be.visible');",
                  "err": {},
                  "uuid": "65ec0e4e-a832-48c7-a071-051258c8e72d",
                  "parentUUID": "d8d3597f-e64f-446d-8f6c-8d4f371b7dad",
                  "isHook": false,
                  "skipped": false
                }
              ],
              "suites": [],
              "passes": [
                "75306fd7-1214-42e7-a02f-fc7b34ede316",
                "5e636c9a-2d3a-4141-b4e1-18d6f3a2ba73",
                "65ec0e4e-a832-48c7-a071-051258c8e72d"
              ],
              "failures": [],
              "pending": [],
              "skipped": [],
              "duration": 2555,
              "root": false,
              "rootEmpty": false,
              "_timeout": 2000
            }
          ],
          "passes": [
            "15394744-4456-42e8-b35c-0246d6def640"
          ],
          "failures": [],
          "pending": [],
          "skipped": [],
          "duration": 1655,
          "root": false,
          "rootEmpty": false,
          "_timeout": 2000
        },
        {
          "uuid": "5506bdf5-c2e7-4387-8f88-95be2d712131",
          "title": "Registered user login",
          "fullFile": "",
          "file": "",
          "beforeHooks": [],
          "afterHooks": [],
          "tests": [
            {
              "title": "Registered user should be able to login",
              "fullTitle": "Registered user login Registered user should be able to login",
              "timedOut": null,
              "duration": 1566,
              "state": "passed",
              "speed": "slow",
              "pass": true,
              "fail": false,
              "pending": false,
              "context": null,
              "code": "cy.login();",
              "err": {},
              "uuid": "7900bd02-4d08-4b2f-b29f-313ac1bc4968",
              "parentUUID": "5506bdf5-c2e7-4387-8f88-95be2d712131",
              "isHook": false,
              "skipped": false
            },
            {
              "title": "Registered user can login with incorrect password",
              "fullTitle": "Registered user login Registered user can login with incorrect password",
              "timedOut": null,
              "duration": 6307,
              "state": "failed",
              "speed": null,
              "pass": false,
              "fail": true,
              "pending": false,
              "context": null,
              "code": "cy.get('[placeholder=\"Username\"]')\n    .clear()\n    .type('test');\ncy.get('[placeholder=\"Password\"]')\n    .clear()\n    .type('12345');\ncy.get('[type=\"submit\"]')\n    .click();\ncy.contains('.has-error > .help-block', 'The password you entered was not valid.')\n    .should('not.exist');",
              "err": {
                "message": "AssertionError: Timed out retrying: Expected not to find content: 'The password you entered was not valid.' within the selector: '.has-error > .help-block' but continuously found it.",
                "estack": "AssertionError: Timed out retrying: Expected not to find content: 'The password you entered was not valid.' within the selector: '.has-error > .help-block' but continuously found it.\n    at Context.eval (https://www.pecodesoftware.com/__cypress/tests?p=cypress/integration/examples/Precode.spec.js:75:14)",
                "diff": null
              },
              "uuid": "891fedd9-32e9-4741-9a9e-f7b88efe292a",
              "parentUUID": "5506bdf5-c2e7-4387-8f88-95be2d712131",
              "isHook": false,
              "skipped": false
            }
          ],
          "suites": [],
          "passes": [
            "7900bd02-4d08-4b2f-b29f-313ac1bc4968"
          ],
          "failures": [
            "891fedd9-32e9-4741-9a9e-f7b88efe292a"
          ],
          "pending": [],
          "skipped": [],
          "duration": 7873,
          "root": false,
          "rootEmpty": false,
          "_timeout": 2000
        }
      ],
      "passes": [],
      "failures": [],
      "pending": [],
      "skipped": [],
      "duration": 0,
      "root": true,
      "rootEmpty": true,
      "_timeout": 2000
    }
  ],
  "meta": {
    "mocha": {
      "version": "7.0.1"
    },
    "mochawesome": {
      "options": {
        "quiet": true,
        "reportFilename": "mochawesome",
        "saveHtml": false,
        "saveJson": true,
        "consoleReporter": "spec",
        "useInlineDiffs": false
      },
      "version": "4.1.0"
    },
    "marge": {
      "options": {
        "reportDir": "integration-reports/integration/reports/mocha",
        "quiet": true,
        "html": false,
        "overwrite": false,
        "json": true
      },
      "version": "4.1.0"
    }
  }
}